2024-06-03 15:00:36,481:WARNING:discord.client: PyNaCl is not installed, voice will NOT be supported
2024-06-03 15:00:36,502:INFO:discord.client: logging in using static token
2024-06-03 15:00:38,499:INFO:discord.gateway: Shard ID None has connected to Gateway (Session ID: 8c47b0790a3b37bbb0b4833ef6574fcd).
2024-06-03 15:27:51,658:ERROR:discord.app_commands.tree: Ignoring exception in command tree
Traceback (most recent call last):
  File "/Users/ashtonxiong/Desktop/cs278_discord/env/lib/python3.12/site-packages/discord/app_commands/tree.py", line 1089, in wrapper
    await self._call(interaction)
  File "/Users/ashtonxiong/Desktop/cs278_discord/env/lib/python3.12/site-packages/discord/app_commands/tree.py", line 1221, in _call
    command, options = self._get_app_command_options(data)
                       ^^^^^^^^^^^^^^^^^^^^^^^^^^^^^^^^^^^
  File "/Users/ashtonxiong/Desktop/cs278_discord/env/lib/python3.12/site-packages/discord/app_commands/tree.py", line 1125, in _get_app_command_options
    raise CommandNotFound(name, parents)
discord.app_commands.errors.CommandNotFound: Application command 'authenticate_spotify' not found
2024-06-03 15:28:14,492:ERROR:discord.app_commands.tree: Ignoring exception in command tree
Traceback (most recent call last):
  File "/Users/ashtonxiong/Desktop/cs278_discord/env/lib/python3.12/site-packages/discord/app_commands/tree.py", line 1089, in wrapper
    await self._call(interaction)
  File "/Users/ashtonxiong/Desktop/cs278_discord/env/lib/python3.12/site-packages/discord/app_commands/tree.py", line 1221, in _call
    command, options = self._get_app_command_options(data)
                       ^^^^^^^^^^^^^^^^^^^^^^^^^^^^^^^^^^^
  File "/Users/ashtonxiong/Desktop/cs278_discord/env/lib/python3.12/site-packages/discord/app_commands/tree.py", line 1125, in _get_app_command_options
    raise CommandNotFound(name, parents)
discord.app_commands.errors.CommandNotFound: Application command 'authenticate_spotify' not found
